  [1m[35m (0.2ms)[0m  [1m[34mSELECT sqlite_version(*)[0m
  ↳ /home/rolbuntu/.rbenv/versions/2.5.1/bin/rake:23
  [1m[35m (18.6ms)[0m  [1m[35mCREATE TABLE "schema_migrations" ("version" varchar NOT NULL PRIMARY KEY)[0m
  ↳ /home/rolbuntu/.rbenv/versions/2.5.1/bin/rake:23
  [1m[35m (20.4ms)[0m  [1m[35mCREATE TABLE "ar_internal_metadata" ("key" varchar NOT NULL PRIMARY KEY, "value" varchar, "created_at" datetime NOT NULL, "updated_at" datetime NOT NULL)[0m
  ↳ /home/rolbuntu/.rbenv/versions/2.5.1/bin/rake:23
  [1m[35m (0.5ms)[0m  [1m[34mSELECT "schema_migrations"."version" FROM "schema_migrations" ORDER BY "schema_migrations"."version" ASC[0m
  ↳ /home/rolbuntu/.rbenv/versions/2.5.1/bin/rake:23
Migrating to CreateCards (20190519235259)
  [1m[35m (0.1ms)[0m  [1m[36mbegin transaction[0m
  ↳ /home/rolbuntu/.rbenv/versions/2.5.1/bin/rake:23
  [1m[35m (0.1ms)[0m  [1m[31mrollback transaction[0m
  ↳ /home/rolbuntu/.rbenv/versions/2.5.1/bin/rake:23
  [1m[35m (0.2ms)[0m  [1m[34mSELECT "schema_migrations"."version" FROM "schema_migrations" ORDER BY "schema_migrations"."version" ASC[0m
  ↳ /home/rolbuntu/.rbenv/versions/2.5.1/bin/rake:23
Migrating to CreateCards (20190519235259)
  [1m[35m (0.1ms)[0m  [1m[36mbegin transaction[0m
  ↳ /home/rolbuntu/.rbenv/versions/2.5.1/bin/rake:23
  [1m[35m (0.2ms)[0m  [1m[34mSELECT sqlite_version(*)[0m
  ↳ db/migrate/20190519235259_create_cards.rb:3
  [1m[35m (2.3ms)[0m  [1m[35mCREATE TABLE "cards" ("id" integer PRIMARY KEY AUTOINCREMENT NOT NULL, "name" varchar, "set" varchar, "multiverseid" integer, "imageUrl" varchar, "deck_id" varchar)[0m
  ↳ db/migrate/20190519235259_create_cards.rb:3
  [1m[36mActiveRecord::SchemaMigration Create (0.5ms)[0m  [1m[32mINSERT INTO "schema_migrations" ("version") VALUES (?)[0m  [["version", "20190519235259"]]
  ↳ /home/rolbuntu/.rbenv/versions/2.5.1/bin/rake:23
  [1m[35m (13.4ms)[0m  [1m[36mcommit transaction[0m
  ↳ /home/rolbuntu/.rbenv/versions/2.5.1/bin/rake:23
Migrating to CreateDecks (20190521230246)
  [1m[35m (0.1ms)[0m  [1m[36mbegin transaction[0m
  ↳ /home/rolbuntu/.rbenv/versions/2.5.1/bin/rake:23
  [1m[35m (1.2ms)[0m  [1m[35mCREATE TABLE "decks" ("id" integer PRIMARY KEY AUTOINCREMENT NOT NULL, "name" varchar DEFAULT 'Unnamed Deck', "size" integer)[0m
  ↳ db/migrate/20190521230246_create_decks.rb:3
  [1m[36mActiveRecord::SchemaMigration Create (0.2ms)[0m  [1m[32mINSERT INTO "schema_migrations" ("version") VALUES (?)[0m  [["version", "20190521230246"]]
  ↳ /home/rolbuntu/.rbenv/versions/2.5.1/bin/rake:23
  [1m[35m (13.9ms)[0m  [1m[36mcommit transaction[0m
  ↳ /home/rolbuntu/.rbenv/versions/2.5.1/bin/rake:23
  [1m[36mActiveRecord::InternalMetadata Load (0.3ms)[0m  [1m[34mSELECT  "ar_internal_metadata".* FROM "ar_internal_metadata" WHERE "ar_internal_metadata"."key" = ? LIMIT ?[0m  [["key", "environment"], ["LIMIT", 1]]
  ↳ /home/rolbuntu/.rbenv/versions/2.5.1/bin/rake:23
  [1m[35m (0.1ms)[0m  [1m[36mbegin transaction[0m
  ↳ /home/rolbuntu/.rbenv/versions/2.5.1/bin/rake:23
  [1m[36mActiveRecord::InternalMetadata Create (1.2ms)[0m  [1m[32mINSERT INTO "ar_internal_metadata" ("key", "value", "created_at", "updated_at") VALUES (?, ?, ?, ?)[0m  [["key", "environment"], ["value", "development"], ["created_at", "2019-05-21 23:20:00.923507"], ["updated_at", "2019-05-21 23:20:00.923507"]]
  ↳ /home/rolbuntu/.rbenv/versions/2.5.1/bin/rake:23
  [1m[35m (16.9ms)[0m  [1m[36mcommit transaction[0m
  ↳ /home/rolbuntu/.rbenv/versions/2.5.1/bin/rake:23
  [1m[35m (0.5ms)[0m  [1m[34mSELECT "schema_migrations"."version" FROM "schema_migrations" ORDER BY "schema_migrations"."version" ASC[0m
  ↳ /home/rolbuntu/.rbenv/versions/2.5.1/bin/rake:23
  [1m[35m (0.2ms)[0m  [1m[34mSELECT sqlite_version(*)[0m
  ↳ /home/rolbuntu/.rbenv/versions/2.5.1/bin/rake:23
  [1m[35m (17.7ms)[0m  [1m[35mCREATE TABLE "schema_migrations" ("version" varchar NOT NULL PRIMARY KEY)[0m
  ↳ /home/rolbuntu/.rbenv/versions/2.5.1/bin/rake:23
  [1m[35m (11.8ms)[0m  [1m[35mCREATE TABLE "ar_internal_metadata" ("key" varchar NOT NULL PRIMARY KEY, "value" varchar, "created_at" datetime NOT NULL, "updated_at" datetime NOT NULL)[0m
  ↳ /home/rolbuntu/.rbenv/versions/2.5.1/bin/rake:23
  [1m[35m (0.5ms)[0m  [1m[34mSELECT "schema_migrations"."version" FROM "schema_migrations" ORDER BY "schema_migrations"."version" ASC[0m
  ↳ /home/rolbuntu/.rbenv/versions/2.5.1/bin/rake:23
Migrating to CreateDecks (20190521230246)
  [1m[35m (0.1ms)[0m  [1m[36mbegin transaction[0m
  ↳ /home/rolbuntu/.rbenv/versions/2.5.1/bin/rake:23
  [1m[35m (2.0ms)[0m  [1m[35mCREATE TABLE "decks" ("id" integer PRIMARY KEY AUTOINCREMENT NOT NULL, "name" varchar DEFAULT 'Unnamed Deck', "size" integer)[0m
  ↳ db/migrate/20190521230246_create_decks.rb:3
  [1m[36mActiveRecord::SchemaMigration Create (0.4ms)[0m  [1m[32mINSERT INTO "schema_migrations" ("version") VALUES (?)[0m  [["version", "20190521230246"]]
  ↳ /home/rolbuntu/.rbenv/versions/2.5.1/bin/rake:23
  [1m[35m (15.5ms)[0m  [1m[36mcommit transaction[0m
  ↳ /home/rolbuntu/.rbenv/versions/2.5.1/bin/rake:23
Migrating to CreateCards (20190528232503)
  [1m[35m (0.5ms)[0m  [1m[34mSELECT "schema_migrations"."version" FROM "schema_migrations" ORDER BY "schema_migrations"."version" ASC[0m
  ↳ /home/rolbuntu/.rbenv/versions/2.5.1/bin/rake:23
Migrating to CreateCards (20190528232503)
  [1m[35m (0.8ms)[0m  [1m[36mbegin transaction[0m
  ↳ /home/rolbuntu/.rbenv/versions/2.5.1/bin/rake:23
  [1m[35m (0.1ms)[0m  [1m[34mSELECT sqlite_version(*)[0m
  ↳ db/migrate/20190528232503_create_cards.rb:3
  [1m[35m (2.2ms)[0m  [1m[35mCREATE TABLE "cards" ("id" integer PRIMARY KEY AUTOINCREMENT NOT NULL, "name" varchar, "deck_id" integer)[0m
  ↳ db/migrate/20190528232503_create_cards.rb:3
  [1m[36mActiveRecord::SchemaMigration Create (0.5ms)[0m  [1m[32mINSERT INTO "schema_migrations" ("version") VALUES (?)[0m  [["version", "20190528232503"]]
  ↳ /home/rolbuntu/.rbenv/versions/2.5.1/bin/rake:23
  [1m[35m (18.4ms)[0m  [1m[36mcommit transaction[0m
  ↳ /home/rolbuntu/.rbenv/versions/2.5.1/bin/rake:23
  [1m[36mActiveRecord::InternalMetadata Load (0.4ms)[0m  [1m[34mSELECT  "ar_internal_metadata".* FROM "ar_internal_metadata" WHERE "ar_internal_metadata"."key" = ? LIMIT ?[0m  [["key", "environment"], ["LIMIT", 1]]
  ↳ /home/rolbuntu/.rbenv/versions/2.5.1/bin/rake:23
  [1m[35m (0.1ms)[0m  [1m[36mbegin transaction[0m
  ↳ /home/rolbuntu/.rbenv/versions/2.5.1/bin/rake:23
  [1m[36mActiveRecord::InternalMetadata Create (1.3ms)[0m  [1m[32mINSERT INTO "ar_internal_metadata" ("key", "value", "created_at", "updated_at") VALUES (?, ?, ?, ?)[0m  [["key", "environment"], ["value", "development"], ["created_at", "2019-05-28 23:28:32.426572"], ["updated_at", "2019-05-28 23:28:32.426572"]]
  ↳ /home/rolbuntu/.rbenv/versions/2.5.1/bin/rake:23
  [1m[35m (11.5ms)[0m  [1m[36mcommit transaction[0m
  ↳ /home/rolbuntu/.rbenv/versions/2.5.1/bin/rake:23
  [1m[35m (0.4ms)[0m  [1m[34mSELECT "schema_migrations"."version" FROM "schema_migrations" ORDER BY "schema_migrations"."version" ASC[0m
  ↳ /home/rolbuntu/.rbenv/versions/2.5.1/bin/rake:23
